<?xml version="1.0" encoding="UTF-8"?>
<testsuite name="Board Tests" tests="2" skipped="0" failures="0" errors="0" timestamp="2025-04-26T22:12:38" hostname="iMac-Bart" time="0.003">
  <properties/>
  <testcase name="testSimpleDeepCopy()" classname="com.kodilla.checkers.CheckersTestSuite$BoardTests" time="0.001"/>
  <testcase name="testDeepCopy()" classname="com.kodilla.checkers.CheckersTestSuite$BoardTests" time="0.001"/>
  <system-out><![CDATA[[]
   A  B  C  D  E  F  G  H  
  |==|==|==|==|==|==|==|==|
1 |  |bP|  |bP|  |bP|  |bP| 1
2 |bP|  |bP|  |bP|  |bP|  | 2
3 |  |bP|  |bP|  |bP|  |bP| 3
4 |  |  |  |  |  |  |  |  | 4
5 |  |wP|  |  |  |  |  |  | 5
6 |  |  |wP|  |wP|  |wP|  | 6
7 |  |wP|  |wP|  |wP|  |wP| 7
8 |wP|  |wP|  |wP|  |wP|  | 8
  |==|==|==|==|==|==|==|==|
   A  B  C  D  E  F  G  H  
[]
[]
   A  B  C  D  E  F  G  H  
  |==|==|==|==|==|==|==|==|
1 |  |bP|  |bP|  |bP|  |bP| 1
2 |bP|  |bP|  |bP|  |bP|  | 2
3 |  |bP|  |bP|  |bP|  |bP| 3
4 |  |  |  |  |  |  |  |  | 4
5 |  |  |  |  |  |  |  |  | 5
6 |wP|  |wP|  |wP|  |wP|  | 6
7 |  |wP|  |wP|  |wP|  |wP| 7
8 |wP|  |wP|  |wP|  |wP|  | 8
  |==|==|==|==|==|==|==|==|
   A  B  C  D  E  F  G  H  
[]
]]></system-out>
  <system-err><![CDATA[]]></system-err>
</testsuite>
