<?xml version="1.0" encoding="UTF-8"?>
<testsuite name="com.kodilla.testing2.crudapp.CrudAppTestSuite" tests="1" skipped="0" failures="0" errors="0" timestamp="2025-07-20T16:38:50" hostname="Bartoszs-MacBook-Pro-2.local" time="15.737">
  <properties/>
  <testcase name="shouldCreateTrelloCard()" classname="com.kodilla.testing2.crudapp.CrudAppTestSuite" time="15.737"/>
  <system-out><![CDATA[]]></system-out>
  <system-err><![CDATA[]]></system-err>
</testsuite>
