<?xml version="1.0" encoding="UTF-8"?>
<testsuite name="com.kodilla.jdbc.StoredProcTestSuite" tests="1" skipped="0" failures="0" errors="0" timestamp="2025-06-26T17:27:15" hostname="Bartoszs-MacBook-Pro-2.local" time="0.13">
  <properties/>
  <testcase name="testUpdateVipLevels()" classname="com.kodilla.jdbc.StoredProcTestSuite" time="0.13"/>
  <system-out><![CDATA[]]></system-out>
  <system-err><![CDATA[]]></system-err>
</testsuite>
